Flow report for C10_BAIKAL
Mon Sep  5 11:08:21 2022
Quartus Prime Version 18.0.0 Build 614 04/24/2018 SJ Standard Edition


---------------------
; Table of Contents ;
---------------------
  1. Legal Notice
  2. Flow Summary
  3. Flow Settings
  4. Flow Non-Default Global Settings
  5. Flow Elapsed Time
  6. Flow OS Summary
  7. Flow Log
  8. Flow Messages
  9. Flow Suppressed Messages



----------------
; Legal Notice ;
----------------
Copyright (C) 2018  Intel Corporation. All rights reserved.
Your use of Intel Corporation's design tools, logic functions 
and other software and tools, and its AMPP partner logic 
functions, and any output files from any of the foregoing 
(including device programming or simulation files), and any 
associated documentation or information are expressly subject 
to the terms and conditions of the Intel Program License 
Subscription Agreement, the Intel Quartus Prime License Agreement,
the Intel FPGA IP License Agreement, or other applicable license
agreement, including, without limitation, that your use is for
the sole purpose of programming logic devices manufactured by
Intel and sold by Intel or its authorized distributors.  Please
refer to the applicable agreement for further details.



+--------------------------------------------------------------------------------------+
; Flow Summary                                                                         ;
+------------------------------------+-------------------------------------------------+
; Flow Status                        ; Successful - Mon Sep  5 11:08:18 2022           ;
; Quartus Prime Version              ; 18.0.0 Build 614 04/24/2018 SJ Standard Edition ;
; Revision Name                      ; C10_BAIKAL                                      ;
; Top-level Entity Name              ; C10_BAIKAL                                      ;
; Family                             ; Cyclone 10 LP                                   ;
; Device                             ; 10CL006YE144C8G                                 ;
; Timing Models                      ; Final                                           ;
; Total logic elements               ; 5,117 / 6,272 ( 82 % )                          ;
;     Total combinational functions  ; 4,472 / 6,272 ( 71 % )                          ;
;     Dedicated logic registers      ; 3,170 / 6,272 ( 51 % )                          ;
; Total registers                    ; 3170                                            ;
; Total pins                         ; 82 / 89 ( 92 % )                                ;
; Total virtual pins                 ; 0                                               ;
; Total memory bits                  ; 155,776 / 276,480 ( 56 % )                      ;
; Embedded Multiplier 9-bit elements ; 6 / 30 ( 20 % )                                 ;
; Total PLLs                         ; 1 / 2 ( 50 % )                                  ;
+------------------------------------+-------------------------------------------------+


+-----------------------------------------+
; Flow Settings                           ;
+-------------------+---------------------+
; Option            ; Setting             ;
+-------------------+---------------------+
; Start date & time ; 09/05/2022 11:07:32 ;
; Main task         ; Compilation         ;
; Revision Name     ; C10_BAIKAL          ;
+-------------------+---------------------+


+---------------------------------------------------------------------------------------------------------------------------------------------+
; Flow Non-Default Global Settings                                                                                                            ;
+-------------------------------------+------------------------------------------------------------+---------------+-------------+------------+
; Assignment Name                     ; Value                                                      ; Default Value ; Entity Name ; Section Id ;
+-------------------------------------+------------------------------------------------------------+---------------+-------------+------------+
; COMPILER_SIGNATURE_ID               ; 110427374459809.166237605250108                            ; --            ; --          ; --         ;
; ENABLE_SIGNALTAP                    ; Off                                                        ; --            ; --          ; --         ;
; MAX_CORE_JUNCTION_TEMP              ; 85                                                         ; --            ; --          ; --         ;
; MIN_CORE_JUNCTION_TEMP              ; 0                                                          ; --            ; --          ; --         ;
; MISC_FILE                           ; sopc_top/synthesis/../sopc_top.cmp                         ; --            ; --          ; --         ;
; MISC_FILE                           ; sopc_top/synthesis/../../sopc_top.qsys                     ; --            ; --          ; --         ;
; OUTPUT_IO_TIMING_FAR_END_VMEAS      ; Half Signal Swing                                          ; --            ; --          ; --         ;
; OUTPUT_IO_TIMING_FAR_END_VMEAS      ; Half Signal Swing                                          ; --            ; --          ; --         ;
; OUTPUT_IO_TIMING_NEAR_END_VMEAS     ; Half Vccio                                                 ; --            ; --          ; --         ;
; OUTPUT_IO_TIMING_NEAR_END_VMEAS     ; Half Vccio                                                 ; --            ; --          ; --         ;
; PARTITION_COLOR                     ; -- (Not supported for targeted family)                     ; --            ; --          ; Top        ;
; PARTITION_FITTER_PRESERVATION_LEVEL ; -- (Not supported for targeted family)                     ; --            ; --          ; Top        ;
; PARTITION_NETLIST_TYPE              ; -- (Not supported for targeted family)                     ; --            ; --          ; Top        ;
; POWER_BOARD_THERMAL_MODEL           ; None (CONSERVATIVE)                                        ; --            ; --          ; --         ;
; POWER_PRESET_COOLING_SOLUTION       ; 23 MM HEAT SINK WITH 200 LFPM AIRFLOW                      ; --            ; --          ; --         ;
; PROJECT_OUTPUT_DIRECTORY            ; output_files                                               ; --            ; --          ; --         ;
; SEARCH_PATH                         ; software/stest/mem_init/                                   ; --            ; --          ; --         ;
; SLD_FILE                            ; sopc_top/synthesis/sopc_top.regmap                         ; --            ; --          ; --         ;
; SLD_FILE                            ; sopc_top/synthesis/sopc_top.debuginfo                      ; --            ; --          ; --         ;
; SLD_INFO                            ; QSYS_NAME sopc_top HAS_SOPCINFO 1 GENERATION_ID 1662376040 ; --            ; sopc_top    ; --         ;
; SOPCINFO_FILE                       ; sopc_top/synthesis/../../sopc_top.sopcinfo                 ; --            ; --          ; --         ;
; SYNTHESIS_ONLY_QIP                  ; On                                                         ; --            ; --          ; --         ;
; USE_SIGNALTAP_FILE                  ; stp1.stp                                                   ; --            ; --          ; --         ;
+-------------------------------------+------------------------------------------------------------+---------------+-------------+------------+


+--------------------------------------------------------------------------------------------------------------------------+
; Flow Elapsed Time                                                                                                        ;
+----------------------+--------------+-------------------------+---------------------+------------------------------------+
; Module Name          ; Elapsed Time ; Average Processors Used ; Peak Virtual Memory ; Total CPU Time (on all processors) ;
+----------------------+--------------+-------------------------+---------------------+------------------------------------+
; Analysis & Synthesis ; 00:00:26     ; 1.0                     ; 1248 MB             ; 00:00:42                           ;
; Fitter               ; 00:00:12     ; 1.7                     ; 2209 MB             ; 00:00:32                           ;
; Assembler            ; 00:00:02     ; 1.0                     ; 829 MB              ; 00:00:02                           ;
; Timing Analyzer      ; 00:00:02     ; 1.8                     ; 984 MB              ; 00:00:03                           ;
; Total                ; 00:00:42     ; --                      ; --                  ; 00:01:19                           ;
+----------------------+--------------+-------------------------+---------------------+------------------------------------+


+--------------------------------------------------------------------------------------+
; Flow OS Summary                                                                      ;
+----------------------+------------------+--------------+------------+----------------+
; Module Name          ; Machine Hostname ; OS Name      ; OS Version ; Processor type ;
+----------------------+------------------+--------------+------------+----------------+
; Analysis & Synthesis ; ibs              ; Ubuntu 22.04 ; 22         ; x86_64         ;
; Fitter               ; ibs              ; Ubuntu 22.04 ; 22         ; x86_64         ;
; Assembler            ; ibs              ; Ubuntu 22.04 ; 22         ; x86_64         ;
; Timing Analyzer      ; ibs              ; Ubuntu 22.04 ; 22         ; x86_64         ;
+----------------------+------------------+--------------+------------+----------------+


------------
; Flow Log ;
------------
quartus_map --read_settings_files=on --write_settings_files=off C10_BAIKAL -c C10_BAIKAL
quartus_fit --read_settings_files=off --write_settings_files=off C10_BAIKAL -c C10_BAIKAL
quartus_asm --read_settings_files=off --write_settings_files=off C10_BAIKAL -c C10_BAIKAL
quartus_sta C10_BAIKAL -c C10_BAIKAL



