Assembler report for C10_BAIKAL
Mon Sep  5 11:08:18 2022
Quartus Prime Version 18.0.0 Build 614 04/24/2018 SJ Standard Edition


---------------------
; Table of Contents ;
---------------------
  1. Legal Notice
  2. Assembler Summary
  3. Assembler Settings
  4. Assembler Encrypted IP Cores Summary
  5. Assembler Generated Files
  6. Assembler Device Options: C10_BAIKAL_time_limited.sof
  7. Assembler Messages



----------------
; Legal Notice ;
----------------
Copyright (C) 2018  Intel Corporation. All rights reserved.
Your use of Intel Corporation's design tools, logic functions 
and other software and tools, and its AMPP partner logic 
functions, and any output files from any of the foregoing 
(including device programming or simulation files), and any 
associated documentation or information are expressly subject 
to the terms and conditions of the Intel Program License 
Subscription Agreement, the Intel Quartus Prime License Agreement,
the Intel FPGA IP License Agreement, or other applicable license
agreement, including, without limitation, that your use is for
the sole purpose of programming logic devices manufactured by
Intel and sold by Intel or its authorized distributors.  Please
refer to the applicable agreement for further details.



+---------------------------------------------------------------+
; Assembler Summary                                             ;
+-----------------------+---------------------------------------+
; Assembler Status      ; Successful - Mon Sep  5 11:08:18 2022 ;
; Revision Name         ; C10_BAIKAL                            ;
; Top-level Entity Name ; C10_BAIKAL                            ;
; Family                ; Cyclone 10 LP                         ;
; Device                ; 10CL006YE144C8G                       ;
+-----------------------+---------------------------------------+


+----------------------------------+
; Assembler Settings               ;
+--------+---------+---------------+
; Option ; Setting ; Default Value ;
+--------+---------+---------------+


+--------------------------------------------------------+
; Assembler Encrypted IP Cores Summary                   ;
+--------+-------------------------------+---------------+
; Vendor ; IP Core Name                  ; License Type  ;
+--------+-------------------------------+---------------+
; Altera ; Nios II Processor (6AF7 00A2) ; Licensed      ;
; Altera ; 16550 UART (6AF7 010C)        ; OpenCore Plus ;
; Altera ; Signal Tap (6AF7 BCE1)        ; Licensed      ;
; Altera ; Signal Tap (6AF7 BCEC)        ; Licensed      ;
+--------+-------------------------------+---------------+


+---------------------------------------------------------------+
; Assembler Generated Files                                     ;
+---------------------------------------------------------------+
; File Name                                                     ;
+---------------------------------------------------------------+
; /home/kif/C10_BAIKAL/output_files/C10_BAIKAL_time_limited.sof ;
+---------------------------------------------------------------+


+-------------------------------------------------------+
; Assembler Device Options: C10_BAIKAL_time_limited.sof ;
+----------------+--------------------------------------+
; Option         ; Setting                              ;
+----------------+--------------------------------------+
; JTAG usercode  ; 0x004B99B5                           ;
; Checksum       ; 0x004B99B5                           ;
+----------------+--------------------------------------+


+--------------------+
; Assembler Messages ;
+--------------------+
Info: *******************************************************************
Info: Running Quartus Prime Assembler
    Info: Version 18.0.0 Build 614 04/24/2018 SJ Standard Edition
    Info: Processing started: Mon Sep  5 11:08:16 2022
Info: Command: quartus_asm --read_settings_files=off --write_settings_files=off C10_BAIKAL -c C10_BAIKAL
Warning (18236): Number of processors has not been specified which may cause overloading on shared machines.  Set the global assignment NUM_PARALLEL_PROCESSORS in your QSF to an appropriate value for best performance.
Info (115031): Writing out detailed assembly data for power analysis
Info (115030): Assembler is generating device programming files
Info (115017): Design contains a time-limited core -- only a single, time-limited programming file can be generated
Warning (210042): Can't convert time-limited SOF into POF, HEX File, TTF, or RBF
Info: Quartus Prime Assembler was successful. 0 errors, 2 warnings
    Info: Peak virtual memory: 829 megabytes
    Info: Processing ended: Mon Sep  5 11:08:18 2022
    Info: Elapsed time: 00:00:02
    Info: Total CPU time (on all processors): 00:00:02


